Exporter version: 5.6.4, Blender version: 2.79 (sub 0)
========= Conversion from Blender to Babylon.js =========
	Scene settings used :
		export scope        :  ALL
		inline textures     :  false
		Positions Precision :  4
		Normals Precision   :  3
		UVs Precision       :  3
		Vert Color Precision:  3
		Mat Weight Precision:  2
		texture directory   :  /Users/remicaillot/Projets/hyppier/public/models/Plant/
	Python World class constructor completed
	WARNING: No active camera has been assigned, or is not in a currently selected Blender layer
	processing begun of mesh:  Plant-Grass.002
		processing begun of Standard material:  Blender green
		processing begun of Standard material:  Blender Beige
		processing begun of Standard material:  Blender soil
		processing begun of Standard material:  Blender dark-grey
		processing begun of Standard material:  Blender wood
		processing begun of multimaterial:  Plant_01.Multimaterial#0
		num positions      :  474
		num normals        :  474
		num uvs            :  0
		num uvs2           :  0
		num colors         :  0
		num indices        :  2643
		WARNING: # of 0 area faces found:  31
========= Writing of scene file started =========
========= Writing of scene file completed =========
========= end of processing =========
elapsed time:  0 min, 0.0353 secs
