Exporter version: 5.6.4, Blender version: 2.79 (sub 0)
========= Conversion from Blender to Babylon.js =========
	Scene settings used :
		export scope        :  ALL
		inline textures     :  false
		Positions Precision :  4
		Normals Precision   :  3
		UVs Precision       :  3
		Vert Color Precision:  3
		Mat Weight Precision:  2
		texture directory   :  /Users/remicaillot/Projets/hyppier/public/models/
	Python World class constructor completed
	WARNING: No active camera has been assigned, or is not in a currently selected Blender layer
	processing begun of node:  Location(Table)
	processing begun of mesh:  Room
		processing begun of Standard material:  Material
		num positions      :  23
		num normals        :  23
		num uvs            :  0
		num uvs2           :  0
		num colors         :  0
		num indices        :  84
	processing begun of mesh:  _ROOM_Door
		registered as also a user of material:  Material
		num positions      :  216
		num normals        :  216
		num uvs            :  0
		num uvs2           :  0
		num colors         :  0
		num indices        :  1260
	processing begun of mesh:  _ROOM_Window
		registered as also a user of material:  Material
		processing begun of Standard material:  Material.001
		processing begun of multimaterial:  room.Multimaterial#0
		num positions      :  244
		num normals        :  244
		num uvs            :  0
		num uvs2           :  0
		num colors         :  0
		num indices        :  1386
	processing begun of node:  Location(Chair)
	processing begun of mesh:  Grenier
		processing begun of Standard material:  Material.002
		num positions      :  19
		num normals        :  19
		num uvs            :  0
		num uvs2           :  0
		num colors         :  0
		num indices        :  66
	processing begun of light (POINT):  Point
========= Writing of scene file started =========
========= Writing of scene file completed =========
========= end of processing =========
elapsed time:  0 min, 0.0478 secs
