Exporter version: 5.6.4, Blender version: 2.79 (sub 0)
========= Conversion from Blender to Babylon.js =========
	Scene settings used :
		export scope        :  ALL
		inline textures     :  false
		Positions Precision :  4
		Normals Precision   :  3
		UVs Precision       :  3
		Vert Color Precision:  3
		Mat Weight Precision:  2
		texture directory   :  /Users/remicaillot/Projets/hyppier/public/models/
	Python World class constructor completed
	processing begun of mesh:  Lumière
		processing begun of Standard material:  WhiteClay
		processing begun of Standard material:  LightBulb
		processing begun of multimaterial:  Scene.Multimaterial#0
		num positions      :  642
		num normals        :  642
		num uvs            :  0
		num uvs2           :  0
		num colors         :  0
		num indices        :  3456
	processing begun of mesh:  Sol
		processing begun of Standard material:  WhiteClay.001
		num positions      :  4
		num normals        :  4
		num uvs            :  0
		num uvs2           :  0
		num colors         :  0
		num indices        :  6
	processing begun of mesh:  Table
		processing begun of Standard material:  Wood
		num positions      :  1427
		num normals        :  1427
		num uvs            :  2854
		num uvs2           :  0
		num colors         :  0
		num indices        :  3972
	processing begun of mesh:  tabouret
		processing begun of Standard material:  LightBlueClay
		num positions      :  1806
		num normals        :  1806
		num uvs            :  3612
		num uvs2           :  0
		num colors         :  0
		num indices        :  8856
	processing begun of mesh:  mur
		registered as also a user of material:  WhiteClay
		num positions      :  40
		num normals        :  40
		num uvs            :  80
		num uvs2           :  0
		num colors         :  0
		num indices        :  72
	processing begun of camera (UniversalCamera):  Camera
	processing begun of mesh:  Macintosh2
		processing begun of Standard material:  Screen
		processing begun of Standard material:  BlackHole
		registered as also a user of material:  WhiteClay
		processing begun of Standard material:  BlueClay
		processing begun of multimaterial:  Scene.Multimaterial#1
		num positions      :  77
		num normals        :  77
		num uvs            :  0
		num uvs2           :  0
		num colors         :  0
		num indices        :  342
	processing begun of light (POINT):  Point
	processing begun of light (HEMI):  Hemi
	processing begun of light (SUN):  Sun
========= Writing of scene file started =========
========= Writing of scene file completed =========
========= end of processing =========
elapsed time:  0 min, 0.3008 secs
