Exporter version: 5.6.4, Blender version: 2.79 (sub 0)
========= Conversion from Blender to Babylon.js =========
	Scene settings used :
		export scope        :  ALL
		inline textures     :  false
		Positions Precision :  4
		Normals Precision   :  3
		UVs Precision       :  3
		Vert Color Precision:  3
		Mat Weight Precision:  2
		texture directory   :  /Users/remicaillot/Projets/hyppier/public/models/
	Python World class constructor completed
	WARNING: No active camera has been assigned, or is not in a currently selected Blender layer
	processing begun of mesh:  Table
		processing begun of Standard material:  Wood
		num positions      :  280
		num normals        :  280
		num uvs            :  0
		num uvs2           :  0
		num colors         :  0
		num indices        :  1620
	processing begun of node:  Location(Sound,false)
	processing begun of node:  Location(Computer,true)
========= Writing of scene file started =========
========= Writing of scene file completed =========
========= end of processing =========
elapsed time:  0 min, 0.0268 secs
