Exporter version: 5.6.4, Blender version: 2.79 (sub 0)
========= Conversion from Blender to Babylon.js =========
	Scene settings used :
		export scope        :  ALL
		inline textures     :  false
		Positions Precision :  4
		Normals Precision   :  3
		UVs Precision       :  3
		Vert Color Precision:  3
		Mat Weight Precision:  2
		texture directory   :  /Users/remicaillot/Projets/hyppier/public/models/
	Python World class constructor completed
	processing begun of mesh:  Plane
		processing begun of Standard material:  Clay
		num positions      :  4
		num normals        :  4
		num uvs            :  0
		num uvs2           :  0
		num colors         :  0
		num indices        :  6
	processing begun of mesh:  Macintosh.001
		registered as also a user of material:  Clay
		processing begun of Standard material:  Mat.4
		processing begun of multimaterial:  untitled.Multimaterial#0
		num positions      :  4425
		num normals        :  4425
		num uvs            :  8850
		num uvs2           :  0
		num colors         :  0
		num indices        :  22428
	processing begun of mesh:  Table
		processing begun of Standard material:  Wood
		num positions      :  1427
		num normals        :  1427
		num uvs            :  2854
		num uvs2           :  0
		num colors         :  0
		num indices        :  3972
	processing begun of mesh:  tabouret
		registered as also a user of material:  Clay
		num positions      :  1806
		num normals        :  1806
		num uvs            :  3612
		num uvs2           :  0
		num colors         :  0
		num indices        :  8856
	processing begun of mesh:  mur
		registered as also a user of material:  Clay
		num positions      :  40
		num normals        :  40
		num uvs            :  80
		num uvs2           :  0
		num colors         :  0
		num indices        :  72
	processing begun of mesh:  Ampoule
		processing begun of Standard material:  Mat.001
		processing begun of Standard material:  Mat
		processing begun of multimaterial:  untitled.Multimaterial#1
		num positions      :  9371
		num normals        :  9371
		num uvs            :  18742
		num uvs2           :  0
		num colors         :  0
		num indices        :  53892
	processing begun of camera (UniversalCamera):  Camera
	processing begun of light (HEMI):  Hemi
	processing begun of light (POINT):  Point
========= Writing of scene file started =========
========= Writing of scene file completed =========
========= end of processing =========
elapsed time:  0 min, 1.8358 secs
